<?xml version="1.0" encoding="UTF-8"?>
<!-- Generated by org.testng.reporters.JUnitReportReporter -->
<testsuite skipped="0" hostname="DESKTOP-JPGFM2D" name="com.crm.qa.testcases.ContactsPageTest" tests="3" failures="0" timestamp="28 Oct 2018 14:23:35 GMT" time="94.239" errors="0">
  <testcase name="validateCreateNewContact" time="23.824" classname="com.crm.qa.testcases.ContactsPageTest"/>
  <testcase name="validateCreateNewContact" time="40.441" classname="com.crm.qa.testcases.ContactsPageTest"/>
  <testcase name="validateCreateNewContact" time="29.974" classname="com.crm.qa.testcases.ContactsPageTest"/>
</testsuite> <!-- com.crm.qa.testcases.ContactsPageTest -->
